android/app/build/outputs/mapping/release/seeds.txt
com.parksmart.MainActivity: MainActivity()
com.parksmart.MainActivity
com.parksmart.MainApplication: MainApplication()
com.parksmart.MainApplication
...
com.reactnativecommunity.picker.CheckedTextViewImpl: void setHorizontallyScrolling(boolean)
com.google.android.material.appbar.MaterialToolbar: void setElevation(float)
com.airbnb.android.react.lottie.LottieAnimationViewManager: void setSourceName(com.airbnb.lottie.LottieAnimationView,java.lang.String)
com.facebook.react.bridge.JavaOnlyArray: com.facebook.react.bridge.ReadableMap getMap(int)
androidx.recyclerview.widget.RecyclerView: boolean mItemsChanged
com.facebook.react.bridge.queue.ReactQueueConfiguration: com.facebook.react.bridge.queue.MessageQueueThread getNativeModulesQueueThread()
okhttp3.Connection: java.net.Socket socket()
okhttp3.internal.ws.WebSocketReader$FrameCallback: void onReadPong(okio.ByteString)
okhttp3.Dispatcher: Dispatcher()
okhttp3.internal.http2.Http2: java.lang.String[] BINARY
androidx.appcompat.widget.Toolbar: int getTitleMarginBottom()
com.facebook.react.modules.debug.DevSettingsModule: java.lang.String getName()
com.facebook.react.modules.core.TimingModule: com.facebook.react.modules.core.JavaTimerManager mJavaTimerManager
com.facebook.react.modules.datepicker.DatePickerDialogModule: java.lang.String ARG_DATE
okhttp3.RealCall: okhttp3.Request originalRequest
androidx.appcompat.widget.Toolbar: java.lang.CharSequence getSubtitle()
okhttp3.internal.ws.RealWebSocket: java.util.List ONLY_HTTP1
okhttp3.internal.Util: java.util.List immutableList(java.util.List)
com.dylanvann.fastimage.FastImageViewManager: void onProgress(java.lang.String,long,long)
okhttp3.Call: boolean isCanceled()
okhttp3.CipherSuite$1: CipherSuite$1()
com.airbnb.android.react.maps.AirMapCircleManager: void setCenter(com.airbnb.android.react.maps.AirMapCircle,com.facebook.react.bridge.ReadableMap)
com.facebook.react.views.textinput.ReactTextInputManager: com.facebook.react.uimanager.events.EventDispatcher getEventDispatcher(com.facebook.react.bridge.ReactContext,com.facebook.react.views.textinput.ReactEditText)
okhttp3.internal.platform.ConscryptPlatform: java.security.Provider getProvider()
okhttp3.FormBody$Builder: java.nio.charset.Charset charset
okhttp3.HttpUrl$Builder: int schemeDelimiterOffset(java.lang.String,int,int)
com.facebook.imagepipeline.nativecode.DalvikPurgeableDecoder$OreoUtils: DalvikPurgeableDecoder$OreoUtils()
androidx.recyclerview.widget.RecyclerView: boolean startNestedScroll(int,int)
org.pgsqlite.SQLitePlugin: void delete(com.facebook.react.bridge.ReadableMap,com.facebook.react.bridge.Callback,com.facebook.react.bridge.Callback)
okhttp3.CacheControl: int sMaxAgeSeconds
com.google.android.material.appbar.HeaderBehavior: HeaderBehavior()
androidx.core.util.Pools$SimplePool
androidx.swiperefreshlayout.widget.SwipeRefreshLayout: void setAnimationProgress(float)
com.facebook.react.bridge.ReactSoftException$ReactSoftExceptionListener
com.facebook.react.views.image.ReactImageView: void setDefaultSource(java.lang.String)
okhttp3.Address: boolean equals(java.lang.Object)
androidx.lifecycle.CompositeGeneratedAdaptersObserver
androidx.lifecycle.Lifecycling$1
com.airbnb.android.react.maps.AirMapManager: void setMapType(com.airbnb.android.react.maps.AirMapView,java.lang.String)
okhttp3.CipherSuite: okhttp3.CipherSuite TLS_RSA_WITH_AES_128_CBC_SHA256
okhttp3.Cookie: int dateCharacterOffset(java.lang.String,int,int,boolean)
okhttp3.OkHttpClient$Builder: int callTimeout
com.reactnativecommunity.picker.ReactPickerManager: void setPrompt(com.reactnativecommunity.picker.ReactPicker,java.lang.String)
androidx.recyclerview.widget.StaggeredGridLayoutManager$LazySpanLookup$FullSpanItem: android.os.Parcelable$Creator CREATOR
com.reactnativecommunity.picker.ReactPickerManager: java.lang.Class getShadowNodeClass()
okhttp3.CookieJar$1: CookieJar$1()
com.airbnb.android.react.maps.AirMapCircleManager: com.airbnb.android.react.maps.AirMapCircle createViewInstance(com.facebook.react.uimanager.ThemedReactContext)
com.facebook.react.bridge.DynamicFromMap: java.lang.String mName