android/app/build/outputs/mapping/release/mapping.txt
# compiler: R8
# compiler_version: 2.1.62
# min_api: 21
# pg_map_id: ab9a7ea
# common_typos_disable
com.parksmart.MainActivity -> com.parksmart.MainActivity:
    java.lang.String getMainComponentName() -> M
com.parksmart.MainApplication -> com.parksmart.MainApplication:
    com.facebook.react.ReactNativeHost mReactNativeHost -> b
    com.facebook.react.ReactNativeHost getReactNativeHost() -> a
    void initializeFlipper(android.content.Context,com.facebook.react.ReactInstanceManager) -> b
com.parksmart.MainApplication$1 -> com.parksmart.MainApplication$a:
    com.facebook.react.bridge.JSIModulePackage getJSIModulePackage() -> d
    java.lang.String getJSMainModuleName() -> e
    java.util.List getPackages() -> g
    boolean getUseDeveloperSupport() -> k
...
com.facebook.react.views.scroll.ReactScrollViewCommandHelper -> com.facebook.react.views.scroll.f:
    java.util.Map getCommandsMap() -> a
    void receiveCommand(com.facebook.react.views.scroll.ReactScrollViewCommandHelper$ScrollCommandHandler,java.lang.Object,int,com.facebook.react.bridge.ReadableArray) -> b
    void receiveCommand(com.facebook.react.views.scroll.ReactScrollViewCommandHelper$ScrollCommandHandler,java.lang.Object,java.lang.String,com.facebook.react.bridge.ReadableArray) -> c
    void scrollTo(com.facebook.react.views.scroll.ReactScrollViewCommandHelper$ScrollCommandHandler,java.lang.Object,com.facebook.react.bridge.ReadableArray) -> d
    void scrollToEnd(com.facebook.react.views.scroll.ReactScrollViewCommandHelper$ScrollCommandHandler,java.lang.Object,com.facebook.react.bridge.ReadableArray) -> e
com.facebook.react.views.scroll.ReactScrollViewCommandHelper$ScrollCommandHandler -> com.facebook.react.views.scroll.f$a:
com.facebook.react.views.scroll.ReactScrollViewCommandHelper$ScrollToCommandData -> com.facebook.react.views.scroll.f$b:
    int mDestY -> b
    boolean mAnimated -> c
    int mDestX -> a
com.facebook.react.views.scroll.ReactScrollViewCommandHelper$ScrollToEndCommandData -> com.facebook.react.views.scroll.f$c:
    boolean mAnimated -> a
com.facebook.react.views.scroll.ReactScrollViewHelper -> com.facebook.react.views.scroll.g:
    java.util.List sScrollListeners -> a
    int SMOOTH_SCROLL_DURATION -> b
    boolean mSmoothScrollDurationInitialized -> c
    void emitLayoutEvent(android.view.ViewGroup) -> a
    void emitScrollBeginDragEvent(android.view.ViewGroup) -> b
    void emitScrollEndDragEvent(android.view.ViewGroup,float,float) -> c
    void emitScrollEvent(android.view.ViewGroup,float,float) -> d
    void emitScrollEvent(android.view.ViewGroup,com.facebook.react.views.scroll.ScrollEventType) -> e
    void emitScrollEvent(android.view.ViewGroup,com.facebook.react.views.scroll.ScrollEventType,float,float) -> f
    void emitScrollMomentumBeginEvent(android.view.ViewGroup,int,int) -> g
    void emitScrollMomentumEndEvent(android.view.ViewGroup) -> h
    int getDefaultScrollAnimationDuration(android.content.Context) -> i
    int parseOverScrollMode(java.lang.String) -> j
com.facebook.react.views.scroll.ReactScrollViewHelper$OverScrollerDurationGetter -> com.facebook.react.views.scroll.g$a:
    int mScrollAnimationDuration -> a
    int getScrollAnimationDuration() -> a
com.facebook.react.views.scroll.ReactScrollViewHelper$ScrollListener -> com.facebook.react.views.scroll.g$b:
    void onLayout(android.view.ViewGroup) -> a
    void onScroll(android.view.ViewGroup,com.facebook.react.views.scroll.ScrollEventType,float,float) -> b
com.facebook.react.views.scroll.ScrollEvent -> com.facebook.react.views.scroll.h:
    int mScrollViewWidth -> l
    int mScrollViewHeight -> m
    int mContentWidth -> j
    int mContentHeight -> k
    int mScrollX -> f
    int mScrollY -> g
    androidx.core.util.Pools$SynchronizedPool EVENTS_POOL -> o
    com.facebook.react.views.scroll.ScrollEventType mScrollEventType -> n
    double mXVelocity -> h
    double mYVelocity -> i
    boolean canCoalesce() -> a
    void dispatch(com.facebook.react.uimanager.events.RCTEventEmitter) -> c
    short getCoalescingKey() -> e
    java.lang.String getEventName() -> f
    void onDispose() -> l
    void init(int,com.facebook.react.views.scroll.ScrollEventType,int,int,float,float,int,int,int,int) -> m
    com.facebook.react.views.scroll.ScrollEvent obtain(int,com.facebook.react.views.scroll.ScrollEventType,int,int,float,float,int,int,int,int) -> n
    com.facebook.react.bridge.WritableMap serializeEventData() -> o