android/app/build/outputs/mapping/release/usage.txt
com.parksmart.R$mipmap
com.parksmart.R$menu
com.parksmart.R$style
com.parksmart.R$integer
com.parksmart.R$id
com.parksmart.R$anim
com.parksmart.R$string
com.parksmart.R$animator
com.parksmart.R$layout
com.parksmart.R$xml
com.parksmart.BuildConfig
com.parksmart.R$drawable
com.parksmart.R
com.parksmart.R$styleable
com.parksmart.R$interpolator
com.parksmart.R$raw
com.parksmart.R$color
com.parksmart.R$plurals
com.parksmart.R$bool
com.parksmart.R$attr
com.parksmart.R$dimen
com.parksmart.MainApplication$1:
    final synthetic com.parksmart.MainApplication this$0
...
kotlin.collections.ArraysKt___ArraysKt$withIndex$3
com.google.android.material.bottomnavigation.BottomNavigationView$1
androidx.annotation.InspectableProperty
com.facebook.imagepipeline.memory.BitmapCounterConfig$1
kotlin.io.OnErrorAction
com.imagepicker.R$id
com.google.firebase.components.Component:
    public static com.google.firebase.components.Component of(java.lang.Class,java.lang.Object)
    private static synthetic java.lang.Object lambda$of$0(java.lang.Object,com.google.firebase.components.ComponentContainer)
    public boolean isLazy()
com.google.android.gms.common.zaa
com.bumptech.glide.request.FutureTarget
com.google.android.gms.common.api.zad
com.swmansion.reanimated.R$color
com.reactcommunity.rndatetimepicker.R$drawable
com.google.firebase.heartbeatinfo.HeartBeatConsumerComponent
kotlin.jvm.internal.LocalVariableReferencesKt
com.facebook.imagepipeline.nativecode.WebpTranscoderFactory:
    public void <init>()
com.facebook.imageutils.TiffUtil:
    public static final int TIFF_BYTE_ORDER_BIG_END
    public static final int TIFF_BYTE_ORDER_LITTLE_END
    public static final int TIFF_TAG_ORIENTATION
    public static final int TIFF_TYPE_SHORT
com.facebook.datasource.DataSources$ValueHolder
com.facebook.imagepipeline.datasource.AbstractProducerToDataSourceAdapter:
    public com.facebook.imagepipeline.request.ImageRequest getImageRequest()
com.google.android.gms.dynamic.zza
com.facebook.soloader.Elf32_Phdr
com.facebook.imagepipeline.memory.DefaultNativeMemoryChunkPoolParams:
    public void <init>()
    private static final int SMALL_BUCKET_LENGTH
    private static final int LARGE_BUCKET_LENGTH
com.google.android.material.floatingactionbutton.FloatingActionButton$BaseBehavior:
    public void setAutoHideEnabled(boolean)
    public boolean isAutoHideEnabled()
    public void setInternalAutoHideListener(com.google.android.material.floatingactionbutton.FloatingActionButton$OnVisibilityChangedListener)
    private static final boolean AUTO_HIDE_DEFAULT
com.airbnb.lottie.LottieDrawable$11
kotlin.jvm.internal.ArrayIteratorKt
androidx.annotation.BinderThread
kotlin.text.StringsKt___StringsKt$groupingBy$1
androidx.fragment.app.FragmentTabHost$SavedState
com.facebook.react.uimanager.layoutanimation.LayoutUpdateAnimation:
    private static final boolean USE_TRANSLATE_ANIMATION
com.google.android.gms.maps.internal.zzl:
    public final com.google.android.gms.maps.internal.IGoogleMapDelegate getMap()
    public final void onEnterAmbient(android.os.Bundle)
    public final void onExitAmbient()
com.google.android.gms.internal.maps.zzae:
    public final java.lang.String zzf()
    public final float zzh()
    public final void zzi(boolean)
    public final boolean zzj()
    public final void zzm(boolean)
    public final boolean zzn()
    public final float zzp()
com.google.android.gms.maps.zzi
com.google.android.material.appbar.CollapsingToolbarLayout$2
com.bumptech.glide.integration.okhttp.R$drawable
com.google.android.play.core.install.model.AppUpdateType
kotlin.collections.State
androidx.annotation.Nullable
kotlin.sequences.TakeSequence
com.google.android.play.core.review.ReviewManagerFactory:
    private void <init>()
com.google.android.gms.common.util.Clock:
    public abstract long currentThreadTimeMillis()
    public abstract long currentTimeMillis()
    public abstract long elapsedRealtime()
    public abstract long nanoTime()
com.nineoldandroids.animation.Animator$AnimatorListener
kotlin.concurrent.LocksKt
androidx.recyclerview.widget.RecyclerView$RecyclerViewDataObserver:
    public void onItemRangeChanged(int,int,java.lang.Object)
    public void onItemRangeMoved(int,int,int)
kotlin.ULong
com.google.firebase.installations.FirebaseInstallations$2
com.google.android.material.badge.BadgeDrawable$BadgeGravity
com.google.android.play.core.internal.d
com.google.android.gms.internal.base.zaa:
    protected final android.os.Parcel zab(int,android.os.Parcel)